#-----------------------------------------------------------
# Vivado v2017.1 (64-bit)
# SW Build 1846317 on Fri Apr 14 18:55:03 MDT 2017
# IP Build 1846188 on Fri Apr 14 20:52:08 MDT 2017
# Start of session at: Sat Sep 15 20:08:35 2018
# Process ID: 12860
# Current directory: C:/Github/MotionDetection/FPGA2
# Command line: vivado.exe -gui_launcher_event rodinguilauncherevent6660 C:\Github\MotionDetection\FPGA2\FPGA2.xpr
# Log file: C:/Github/MotionDetection/FPGA2/vivado.log
# Journal file: C:/Github/MotionDetection/FPGA2\vivado.jou
#-----------------------------------------------------------
start_gui
open_project C:/Github/MotionDetection/FPGA2/FPGA2.xpr
Scanning sources...
Finished scanning sources
INFO: [IP_Flow 19-234] Refreshing IP repositories
INFO: [IP_Flow 19-1704] No user IP repositories specified
INFO: [IP_Flow 19-2313] Loaded Vivado IP repository 'C:/Xilinx/Vivado/2017.1/data/ip'.
open_project: Time (s): cpu = 00:00:13 ; elapsed = 00:00:06 . Memory (MB): peak = 743.836 ; gain = 79.594
update_compile_order -fileset sources_1
