#-----------------------------------------------------------
# Vivado v2017.1 (64-bit)
# SW Build 1846317 on Fri Apr 14 18:55:03 MDT 2017
# IP Build 1846188 on Fri Apr 14 20:52:08 MDT 2017
# Start of session at: Thu Aug 23 12:20:08 2018
# Process ID: 6592
# Current directory: C:/Github/MotionDetection/FPGA
# Command line: vivado.exe -gui_launcher_event rodinguilauncherevent10316 C:\Github\MotionDetection\FPGA\motion_detection.xpr
# Log file: C:/Github/MotionDetection/FPGA/vivado.log
# Journal file: C:/Github/MotionDetection/FPGA\vivado.jou
#-----------------------------------------------------------
start_gui
open_project C:/Github/MotionDetection/FPGA/motion_detection.xpr
CRITICAL WARNING: [Project 1-19] Could not find the file 'C:/Users/harel/Desktop/Logtel/data/image_reference.coe'.
CRITICAL WARNING: [Project 1-19] Could not find the file 'C:/Users/harel/Desktop/Logtel/data/image_Inputs.coe'.
Scanning sources...
Finished scanning sources
INFO: [IP_Flow 19-234] Refreshing IP repositories
INFO: [IP_Flow 19-1704] No user IP repositories specified
INFO: [IP_Flow 19-2313] Loaded Vivado IP repository 'C:/Xilinx/Vivado/2017.1/data/ip'.
open_project: Time (s): cpu = 00:00:17 ; elapsed = 00:00:07 . Memory (MB): peak = 750.980 ; gain = 76.641
launch_simulation
INFO: [Vivado 12-4795] Using compiled simulation libraries for IPs
INFO: [SIM-utils-51] Simulation object is 'sim_1'
INFO: [USF-XSim-7] Finding pre-compiled libraries...
INFO: [USF-XSim-11] File 'C:/Xilinx/Vivado/2017.1/data/xsim/ip/xsim_ip.ini' copied to run dir:'C:/Github/MotionDetection/FPGA/motion_detection.sim/sim_1/behav'
INFO: [SIM-utils-54] Inspecting design source files for 'Main_textio_tb' in fileset 'sim_1'...
INFO: [SIM-utils-43] Exported 'C:/Github/MotionDetection/FPGA/motion_detection.sim/sim_1/behav/InputFrames.mif'
INFO: [SIM-utils-43] Exported 'C:/Github/MotionDetection/FPGA/motion_detection.sim/sim_1/behav/image_Inputs.coe'
INFO: [SIM-utils-43] Exported 'C:/Github/MotionDetection/FPGA/motion_detection.sim/sim_1/behav/Reference_frame.mif'
INFO: [SIM-utils-43] Exported 'C:/Github/MotionDetection/FPGA/motion_detection.sim/sim_1/behav/image_Reference.coe'
INFO: [SIM-utils-43] Exported 'C:/Github/MotionDetection/FPGA/motion_detection.sim/sim_1/behav/image_reference.coe'
INFO: [SIM-utils-43] Exported 'C:/Github/MotionDetection/FPGA/motion_detection.sim/sim_1/behav/image_Inputs.coe'
INFO: [USF-XSim-97] Finding global include files...
INFO: [USF-XSim-100] Fetching design files from 'sources_1'...(this may take a while)...
INFO: [USF-XSim-101] Fetching design files from 'sim_1'...
INFO: [USF-XSim-2] XSim::Compile design
INFO: [USF-XSim-61] Executing 'COMPILE and ANALYZE' step in 'C:/Github/MotionDetection/FPGA/motion_detection.sim/sim_1/behav'
"xvlog -m64 --relax -prj Main_textio_tb_vlog.prj"
INFO: [VRFC 10-2263] Analyzing Verilog file "C:/Github/MotionDetection/FPGA/motion_detection.srcs/sources_1/ip/InputFrames/sim/InputFrames.v" into library xil_defaultlib
INFO: [VRFC 10-311] analyzing module InputFrames
INFO: [VRFC 10-2263] Analyzing Verilog file "C:/Github/MotionDetection/FPGA/motion_detection.srcs/sources_1/ip/Reference_frame/sim/Reference_frame.v" into library xil_defaultlib
INFO: [VRFC 10-311] analyzing module Reference_frame
INFO: [VRFC 10-2263] Analyzing Verilog file "C:/Github/MotionDetection/FPGA/motion_detection.srcs/sources_1/ip/reference_image_RAM/sim/reference_image_RAM.v" into library xil_defaultlib
INFO: [VRFC 10-311] analyzing module reference_image_RAM
INFO: [VRFC 10-2263] Analyzing Verilog file "C:/Github/MotionDetection/FPGA/motion_detection.sim/sim_1/behav/glbl.v" into library xil_defaultlib
INFO: [VRFC 10-311] analyzing module glbl
"xvhdl -m64 --relax -prj Main_textio_tb_vhdl.prj"
INFO: [VRFC 10-163] Analyzing VHDL file "C:/Github/MotionDetection/FPGA/motion_detection.srcs/sources_1/new/Main.vhd" into library xil_defaultlib
INFO: [VRFC 10-307] analyzing entity Main
INFO: [VRFC 10-163] Analyzing VHDL file "C:/Github/MotionDetection/FPGA/motion_detection.srcs/sources_1/new/Main_2.vhd" into library xil_defaultlib
INFO: [VRFC 10-307] analyzing entity Main_2
INFO: [VRFC 10-163] Analyzing VHDL file "C:/Github/MotionDetection/FPGA/motion_detection.srcs/sim_1/new/Main_tb.vhd" into library xil_defaultlib
INFO: [VRFC 10-307] analyzing entity Main_tb
INFO: [VRFC 10-163] Analyzing VHDL file "C:/Github/MotionDetection/FPGA/motion_detection.srcs/sim_1/new/Main_textio_tb.vhd" into library xil_defaultlib
INFO: [VRFC 10-307] analyzing entity Main_textio_tb
INFO: [USF-XSim-69] 'compile' step finished in '2' seconds
INFO: [USF-XSim-3] XSim::Elaborate design
INFO: [USF-XSim-61] Executing 'ELABORATE' step in 'C:/Github/MotionDetection/FPGA/motion_detection.sim/sim_1/behav'
Vivado Simulator 2017.1
Copyright 1986-1999, 2001-2016 Xilinx, Inc. All Rights Reserved.
Running: C:/Xilinx/Vivado/2017.1/bin/unwrapped/win64.o/xelab.exe -wto e34b54429b4a46f1b118de9feeb83a29 --debug typical --relax --mt 2 -L blk_mem_gen_v8_3_6 -L xil_defaultlib -L unisims_ver -L unimacro_ver -L secureip -L xpm --snapshot Main_textio_tb_behav xil_defaultlib.Main_textio_tb xil_defaultlib.glbl -log elaborate.log 
Using 2 slave threads.
Starting static elaboration
WARNING: [VRFC 10-1783] select index 30 into current_contents is out of bounds [/wrk/2017.1/nightly/2017_04_14_1846317/packages/customer/vivado/data/ip/xilinx/blk_mem_gen_v8_3/simulation/blk_mem_gen_v8_3.v:2419]
WARNING: [VRFC 10-1783] select index 62 into current_contents is out of bounds [/wrk/2017.1/nightly/2017_04_14_1846317/packages/customer/vivado/data/ip/xilinx/blk_mem_gen_v8_3/simulation/blk_mem_gen_v8_3.v:2420]
Completed static elaboration
Starting simulation data flow analysis
Completed simulation data flow analysis
Time Resolution for simulation is 1ps
Compiling package std.standard
Compiling package std.textio
Compiling package ieee.std_logic_1164
Compiling package ieee.numeric_std
Compiling package ieee.std_logic_textio
Compiling package ieee.std_logic_arith
Compiling package ieee.std_logic_unsigned
Compiling package vl.vl_types
Compiling module xil_defaultlib.glbl
Compiling module blk_mem_gen_v8_3_6.blk_mem_gen_v8_3_6_output_stage(...
Compiling module blk_mem_gen_v8_3_6.blk_mem_gen_v8_3_6_output_stage(...
Compiling module blk_mem_gen_v8_3_6.blk_mem_gen_v8_3_6_softecc_outpu...
Compiling module blk_mem_gen_v8_3_6.blk_mem_gen_v8_3_6_mem_module(C_...
Compiling module blk_mem_gen_v8_3_6.blk_mem_gen_v8_3_6(C_FAMILY="zyn...
Compiling module xil_defaultlib.reference_image_RAM
Compiling architecture behavioral of entity xil_defaultlib.Main_2 [main_2_default]
Compiling architecture behavioral of entity xil_defaultlib.main_textio_tb
Built simulation snapshot Main_textio_tb_behav

****** Webtalk v2017.1 (64-bit)
  **** SW Build 1846317 on Fri Apr 14 18:55:03 MDT 2017
  **** IP Build 1846188 on Fri Apr 14 20:52:08 MDT 2017
    ** Copyright 1986-2017 Xilinx, Inc. All Rights Reserved.

source C:/Github/MotionDetection/FPGA/motion_detection.sim/sim_1/behav/xsim.dir/Main_textio_tb_behav/webtalk/xsim_webtalk.tcl -notrace
INFO: [Common 17-186] 'C:/Github/MotionDetection/FPGA/motion_detection.sim/sim_1/behav/xsim.dir/Main_textio_tb_behav/webtalk/usage_statistics_ext_xsim.xml' has been successfully sent to Xilinx on Thu Aug 23 12:34:53 2018. For additional details about this file, please refer to the WebTalk help file at C:/Xilinx/Vivado/2017.1/doc/webtalk_introduction.html.
INFO: [Common 17-206] Exiting Webtalk at Thu Aug 23 12:34:53 2018...
run_program: Time (s): cpu = 00:00:00 ; elapsed = 00:00:11 . Memory (MB): peak = 772.078 ; gain = 0.000
INFO: [USF-XSim-69] 'elaborate' step finished in '11' seconds
INFO: [USF-XSim-4] XSim::Simulate design
INFO: [USF-XSim-61] Executing 'SIMULATE' step in 'C:/Github/MotionDetection/FPGA/motion_detection.sim/sim_1/behav'
INFO: [USF-XSim-98] *** Running xsim
   with args "Main_textio_tb_behav -key {Behavioral:sim_1:Functional:Main_textio_tb} -tclbatch {Main_textio_tb.tcl} -view {C:/Github/MotionDetection/FPGA/Main_tb_behav.wcfg} -log {simulate.log}"
INFO: [USF-XSim-8] Loading simulator feature
Vivado Simulator 2017.1
Time resolution is 1 ps
open_wave_config C:/Github/MotionDetection/FPGA/Main_tb_behav.wcfg
source Main_textio_tb.tcl
# set curr_wave [current_wave_config]
# if { [string length $curr_wave] == 0 } {
#   if { [llength [get_objects]] > 0} {
#     add_wave /
#     set_property needs_save false [current_wave_config]
#   } else {
#      send_msg_id Add_Wave-1 WARNING "No top level signals found. Simulator will start without a wave window. If you want to open a wave window go to 'File->New Waveform Configuration' or type 'create_wave_config' in the TCL console."
#   }
# }
# run 1000ns
Block Memory Generator module Main_textio_tb.uut.your_instance_name.inst.native_mem_module.blk_mem_gen_v8_3_6_inst is using a behavioral model for simulation which will not precisely model memory collision behavior.
Warning: TEXTIO function READ: line is empty
Time: 900 ns  Iteration: 0  Process: /Main_textio_tb/char_from_file  File: C:/Github/MotionDetection/FPGA/motion_detection.srcs/sim_1/new/Main_textio_tb.vhd
Warning: TEXTIO function READ: line is empty
Time: 910 ns  Iteration: 0  Process: /Main_textio_tb/char_from_file  File: C:/Github/MotionDetection/FPGA/motion_detection.srcs/sim_1/new/Main_textio_tb.vhd
Warning: TEXTIO function READ: line is empty
Time: 920 ns  Iteration: 0  Process: /Main_textio_tb/char_from_file  File: C:/Github/MotionDetection/FPGA/motion_detection.srcs/sim_1/new/Main_textio_tb.vhd
Warning: TEXTIO function READ: line is empty
Time: 930 ns  Iteration: 0  Process: /Main_textio_tb/char_from_file  File: C:/Github/MotionDetection/FPGA/motion_detection.srcs/sim_1/new/Main_textio_tb.vhd
Warning: TEXTIO function READ: line is empty
Time: 940 ns  Iteration: 0  Process: /Main_textio_tb/char_from_file  File: C:/Github/MotionDetection/FPGA/motion_detection.srcs/sim_1/new/Main_textio_tb.vhd
Warning: TEXTIO function READ: line is empty
Time: 950 ns  Iteration: 0  Process: /Main_textio_tb/char_from_file  File: C:/Github/MotionDetection/FPGA/motion_detection.srcs/sim_1/new/Main_textio_tb.vhd
Warning: TEXTIO function READ: line is empty
Time: 960 ns  Iteration: 0  Process: /Main_textio_tb/char_from_file  File: C:/Github/MotionDetection/FPGA/motion_detection.srcs/sim_1/new/Main_textio_tb.vhd
Warning: TEXTIO function READ: line is empty
Time: 970 ns  Iteration: 0  Process: /Main_textio_tb/char_from_file  File: C:/Github/MotionDetection/FPGA/motion_detection.srcs/sim_1/new/Main_textio_tb.vhd
Warning: TEXTIO function READ: line is empty
Time: 980 ns  Iteration: 0  Process: /Main_textio_tb/char_from_file  File: C:/Github/MotionDetection/FPGA/motion_detection.srcs/sim_1/new/Main_textio_tb.vhd
Note: im here
Time: 990 ns  Iteration: 0  Process: /Main_textio_tb/char_from_file  File: C:/Github/MotionDetection/FPGA/motion_detection.srcs/sim_1/new/Main_textio_tb.vhd
INFO: [USF-XSim-96] XSim completed. Design snapshot 'Main_textio_tb_behav' loaded.
INFO: [USF-XSim-97] XSim simulation ran for 1000ns
launch_simulation: Time (s): cpu = 00:00:07 ; elapsed = 00:00:18 . Memory (MB): peak = 793.199 ; gain = 21.121
restart
INFO: [Simtcl 6-17] Simulation restarted
run 200 ns
Block Memory Generator module Main_textio_tb.uut.your_instance_name.inst.native_mem_module.blk_mem_gen_v8_3_6_inst is using a behavioral model for simulation which will not precisely model memory collision behavior.
restart
INFO: [Simtcl 6-17] Simulation restarted
run 200 ns
Block Memory Generator module Main_textio_tb.uut.your_instance_name.inst.native_mem_module.blk_mem_gen_v8_3_6_inst is using a behavioral model for simulation which will not precisely model memory collision behavior.
relaunch_sim
suspend_sim: Time (s): cpu = 00:00:01 ; elapsed = 00:00:06 . Memory (MB): peak = 805.281 ; gain = 0.000
INFO: [Vivado 12-4795] Using compiled simulation libraries for IPs
INFO: [SIM-utils-51] Simulation object is 'sim_1'
INFO: [USF-XSim-7] Finding pre-compiled libraries...
INFO: [USF-XSim-11] File 'C:/Xilinx/Vivado/2017.1/data/xsim/ip/xsim_ip.ini' copied to run dir:'C:/Github/MotionDetection/FPGA/motion_detection.sim/sim_1/behav'
INFO: [SIM-utils-54] Inspecting design source files for 'Main_textio_tb' in fileset 'sim_1'...
INFO: [SIM-utils-43] Exported 'C:/Github/MotionDetection/FPGA/motion_detection.sim/sim_1/behav/InputFrames.mif'
INFO: [SIM-utils-43] Exported 'C:/Github/MotionDetection/FPGA/motion_detection.sim/sim_1/behav/image_Inputs.coe'
INFO: [SIM-utils-43] Exported 'C:/Github/MotionDetection/FPGA/motion_detection.sim/sim_1/behav/Reference_frame.mif'
INFO: [SIM-utils-43] Exported 'C:/Github/MotionDetection/FPGA/motion_detection.sim/sim_1/behav/image_Reference.coe'
INFO: [SIM-utils-43] Exported 'C:/Github/MotionDetection/FPGA/motion_detection.sim/sim_1/behav/image_reference.coe'
INFO: [SIM-utils-43] Exported 'C:/Github/MotionDetection/FPGA/motion_detection.sim/sim_1/behav/image_Inputs.coe'
INFO: [USF-XSim-97] Finding global include files...
INFO: [USF-XSim-100] Fetching design files from 'sources_1'...(this may take a while)...
INFO: [USF-XSim-101] Fetching design files from 'sim_1'...
INFO: [USF-XSim-2] XSim::Compile design
INFO: [USF-XSim-61] Executing 'COMPILE and ANALYZE' step in 'C:/Github/MotionDetection/FPGA/motion_detection.sim/sim_1/behav'
"xvlog -m64 --relax -prj Main_textio_tb_vlog.prj"
INFO: [VRFC 10-2263] Analyzing Verilog file "C:/Github/MotionDetection/FPGA/motion_detection.srcs/sources_1/ip/InputFrames/sim/InputFrames.v" into library xil_defaultlib
INFO: [VRFC 10-311] analyzing module InputFrames
INFO: [VRFC 10-2263] Analyzing Verilog file "C:/Github/MotionDetection/FPGA/motion_detection.srcs/sources_1/ip/Reference_frame/sim/Reference_frame.v" into library xil_defaultlib
INFO: [VRFC 10-311] analyzing module Reference_frame
INFO: [VRFC 10-2263] Analyzing Verilog file "C:/Github/MotionDetection/FPGA/motion_detection.srcs/sources_1/ip/reference_image_RAM/sim/reference_image_RAM.v" into library xil_defaultlib
INFO: [VRFC 10-311] analyzing module reference_image_RAM
INFO: [VRFC 10-2263] Analyzing Verilog file "C:/Github/MotionDetection/FPGA/motion_detection.sim/sim_1/behav/glbl.v" into library xil_defaultlib
INFO: [VRFC 10-311] analyzing module glbl
"xvhdl -m64 --relax -prj Main_textio_tb_vhdl.prj"
INFO: [VRFC 10-163] Analyzing VHDL file "C:/Github/MotionDetection/FPGA/motion_detection.srcs/sources_1/new/Main.vhd" into library xil_defaultlib
INFO: [VRFC 10-307] analyzing entity Main
INFO: [VRFC 10-163] Analyzing VHDL file "C:/Github/MotionDetection/FPGA/motion_detection.srcs/sources_1/new/Main_2.vhd" into library xil_defaultlib
INFO: [VRFC 10-307] analyzing entity Main_2
INFO: [VRFC 10-163] Analyzing VHDL file "C:/Github/MotionDetection/FPGA/motion_detection.srcs/sim_1/new/Main_tb.vhd" into library xil_defaultlib
INFO: [VRFC 10-307] analyzing entity Main_tb
INFO: [VRFC 10-163] Analyzing VHDL file "C:/Github/MotionDetection/FPGA/motion_detection.srcs/sim_1/new/Main_textio_tb.vhd" into library xil_defaultlib
INFO: [VRFC 10-307] analyzing entity Main_textio_tb
INFO: [USF-XSim-69] 'compile' step finished in '2' seconds
INFO: [Vivado 12-4795] Using compiled simulation libraries for IPs
INFO: [USF-XSim-3] XSim::Elaborate design
INFO: [USF-XSim-61] Executing 'ELABORATE' step in 'C:/Github/MotionDetection/FPGA/motion_detection.sim/sim_1/behav'
Vivado Simulator 2017.1
Copyright 1986-1999, 2001-2016 Xilinx, Inc. All Rights Reserved.
Running: C:/Xilinx/Vivado/2017.1/bin/unwrapped/win64.o/xelab.exe -wto e34b54429b4a46f1b118de9feeb83a29 --debug typical --relax --mt 2 -L blk_mem_gen_v8_3_6 -L xil_defaultlib -L unisims_ver -L unimacro_ver -L secureip -L xpm --snapshot Main_textio_tb_behav xil_defaultlib.Main_textio_tb xil_defaultlib.glbl -log elaborate.log 
Using 2 slave threads.
Starting static elaboration
WARNING: [VRFC 10-1783] select index 30 into current_contents is out of bounds [/wrk/2017.1/nightly/2017_04_14_1846317/packages/customer/vivado/data/ip/xilinx/blk_mem_gen_v8_3/simulation/blk_mem_gen_v8_3.v:2419]
WARNING: [VRFC 10-1783] select index 62 into current_contents is out of bounds [/wrk/2017.1/nightly/2017_04_14_1846317/packages/customer/vivado/data/ip/xilinx/blk_mem_gen_v8_3/simulation/blk_mem_gen_v8_3.v:2420]
Completed static elaboration
Starting simulation data flow analysis
Completed simulation data flow analysis
Time Resolution for simulation is 1ps
Compiling package std.standard
Compiling package std.textio
Compiling package ieee.std_logic_1164
Compiling package ieee.numeric_std
Compiling package ieee.std_logic_textio
Compiling package ieee.std_logic_arith
Compiling package ieee.std_logic_unsigned
Compiling package vl.vl_types
Compiling module xil_defaultlib.glbl
Compiling module blk_mem_gen_v8_3_6.blk_mem_gen_v8_3_6_output_stage(...
Compiling module blk_mem_gen_v8_3_6.blk_mem_gen_v8_3_6_output_stage(...
Compiling module blk_mem_gen_v8_3_6.blk_mem_gen_v8_3_6_softecc_outpu...
Compiling module blk_mem_gen_v8_3_6.blk_mem_gen_v8_3_6_mem_module(C_...
Compiling module blk_mem_gen_v8_3_6.blk_mem_gen_v8_3_6(C_FAMILY="zyn...
Compiling module xil_defaultlib.reference_image_RAM
Compiling architecture behavioral of entity xil_defaultlib.Main_2 [main_2_default]
Compiling architecture behavioral of entity xil_defaultlib.main_textio_tb
Built simulation snapshot Main_textio_tb_behav
INFO: [USF-XSim-69] 'elaborate' step finished in '3' seconds
Vivado Simulator 2017.1
Time resolution is 1 ps
Block Memory Generator module Main_textio_tb.uut.your_instance_name.inst.native_mem_module.blk_mem_gen_v8_3_6_inst is using a behavioral model for simulation which will not precisely model memory collision behavior.
Warning: TEXTIO function READ: line is empty
Time: 900 ns  Iteration: 0  Process: /Main_textio_tb/char_from_file  File: C:/Github/MotionDetection/FPGA/motion_detection.srcs/sim_1/new/Main_textio_tb.vhd
Warning: TEXTIO function READ: line is empty
Time: 910 ns  Iteration: 0  Process: /Main_textio_tb/char_from_file  File: C:/Github/MotionDetection/FPGA/motion_detection.srcs/sim_1/new/Main_textio_tb.vhd
Warning: TEXTIO function READ: line is empty
Time: 920 ns  Iteration: 0  Process: /Main_textio_tb/char_from_file  File: C:/Github/MotionDetection/FPGA/motion_detection.srcs/sim_1/new/Main_textio_tb.vhd
Warning: TEXTIO function READ: line is empty
Time: 930 ns  Iteration: 0  Process: /Main_textio_tb/char_from_file  File: C:/Github/MotionDetection/FPGA/motion_detection.srcs/sim_1/new/Main_textio_tb.vhd
Warning: TEXTIO function READ: line is empty
Time: 940 ns  Iteration: 0  Process: /Main_textio_tb/char_from_file  File: C:/Github/MotionDetection/FPGA/motion_detection.srcs/sim_1/new/Main_textio_tb.vhd
Warning: TEXTIO function READ: line is empty
Time: 950 ns  Iteration: 0  Process: /Main_textio_tb/char_from_file  File: C:/Github/MotionDetection/FPGA/motion_detection.srcs/sim_1/new/Main_textio_tb.vhd
Warning: TEXTIO function READ: line is empty
Time: 960 ns  Iteration: 0  Process: /Main_textio_tb/char_from_file  File: C:/Github/MotionDetection/FPGA/motion_detection.srcs/sim_1/new/Main_textio_tb.vhd
Warning: TEXTIO function READ: line is empty
Time: 970 ns  Iteration: 0  Process: /Main_textio_tb/char_from_file  File: C:/Github/MotionDetection/FPGA/motion_detection.srcs/sim_1/new/Main_textio_tb.vhd
Warning: TEXTIO function READ: line is empty
Time: 980 ns  Iteration: 0  Process: /Main_textio_tb/char_from_file  File: C:/Github/MotionDetection/FPGA/motion_detection.srcs/sim_1/new/Main_textio_tb.vhd
Note: im here
Time: 990 ns  Iteration: 0  Process: /Main_textio_tb/char_from_file  File: C:/Github/MotionDetection/FPGA/motion_detection.srcs/sim_1/new/Main_textio_tb.vhd
relaunch_sim: Time (s): cpu = 00:00:02 ; elapsed = 00:00:13 . Memory (MB): peak = 805.680 ; gain = 0.398
restart
INFO: [Simtcl 6-17] Simulation restarted
run 200 ns
Block Memory Generator module Main_textio_tb.uut.your_instance_name.inst.native_mem_module.blk_mem_gen_v8_3_6_inst is using a behavioral model for simulation which will not precisely model memory collision behavior.
relaunch_sim
INFO: [Vivado 12-4795] Using compiled simulation libraries for IPs
INFO: [SIM-utils-51] Simulation object is 'sim_1'
INFO: [USF-XSim-7] Finding pre-compiled libraries...
INFO: [USF-XSim-11] File 'C:/Xilinx/Vivado/2017.1/data/xsim/ip/xsim_ip.ini' copied to run dir:'C:/Github/MotionDetection/FPGA/motion_detection.sim/sim_1/behav'
INFO: [SIM-utils-54] Inspecting design source files for 'Main_textio_tb' in fileset 'sim_1'...
INFO: [SIM-utils-43] Exported 'C:/Github/MotionDetection/FPGA/motion_detection.sim/sim_1/behav/InputFrames.mif'
INFO: [SIM-utils-43] Exported 'C:/Github/MotionDetection/FPGA/motion_detection.sim/sim_1/behav/image_Inputs.coe'
INFO: [SIM-utils-43] Exported 'C:/Github/MotionDetection/FPGA/motion_detection.sim/sim_1/behav/Reference_frame.mif'
INFO: [SIM-utils-43] Exported 'C:/Github/MotionDetection/FPGA/motion_detection.sim/sim_1/behav/image_Reference.coe'
INFO: [SIM-utils-43] Exported 'C:/Github/MotionDetection/FPGA/motion_detection.sim/sim_1/behav/image_reference.coe'
INFO: [SIM-utils-43] Exported 'C:/Github/MotionDetection/FPGA/motion_detection.sim/sim_1/behav/image_Inputs.coe'
INFO: [USF-XSim-97] Finding global include files...
INFO: [USF-XSim-100] Fetching design files from 'sources_1'...(this may take a while)...
INFO: [USF-XSim-101] Fetching design files from 'sim_1'...
INFO: [USF-XSim-2] XSim::Compile design
INFO: [USF-XSim-61] Executing 'COMPILE and ANALYZE' step in 'C:/Github/MotionDetection/FPGA/motion_detection.sim/sim_1/behav'
"xvlog -m64 --relax -prj Main_textio_tb_vlog.prj"
INFO: [VRFC 10-2263] Analyzing Verilog file "C:/Github/MotionDetection/FPGA/motion_detection.srcs/sources_1/ip/InputFrames/sim/InputFrames.v" into library xil_defaultlib
INFO: [VRFC 10-311] analyzing module InputFrames
INFO: [VRFC 10-2263] Analyzing Verilog file "C:/Github/MotionDetection/FPGA/motion_detection.srcs/sources_1/ip/Reference_frame/sim/Reference_frame.v" into library xil_defaultlib
INFO: [VRFC 10-311] analyzing module Reference_frame
INFO: [VRFC 10-2263] Analyzing Verilog file "C:/Github/MotionDetection/FPGA/motion_detection.srcs/sources_1/ip/reference_image_RAM/sim/reference_image_RAM.v" into library xil_defaultlib
INFO: [VRFC 10-311] analyzing module reference_image_RAM
INFO: [VRFC 10-2263] Analyzing Verilog file "C:/Github/MotionDetection/FPGA/motion_detection.sim/sim_1/behav/glbl.v" into library xil_defaultlib
INFO: [VRFC 10-311] analyzing module glbl
"xvhdl -m64 --relax -prj Main_textio_tb_vhdl.prj"
INFO: [VRFC 10-163] Analyzing VHDL file "C:/Github/MotionDetection/FPGA/motion_detection.srcs/sources_1/new/Main.vhd" into library xil_defaultlib
INFO: [VRFC 10-307] analyzing entity Main
INFO: [VRFC 10-163] Analyzing VHDL file "C:/Github/MotionDetection/FPGA/motion_detection.srcs/sources_1/new/Main_2.vhd" into library xil_defaultlib
INFO: [VRFC 10-307] analyzing entity Main_2
INFO: [VRFC 10-163] Analyzing VHDL file "C:/Github/MotionDetection/FPGA/motion_detection.srcs/sim_1/new/Main_tb.vhd" into library xil_defaultlib
INFO: [VRFC 10-307] analyzing entity Main_tb
INFO: [VRFC 10-163] Analyzing VHDL file "C:/Github/MotionDetection/FPGA/motion_detection.srcs/sim_1/new/Main_textio_tb.vhd" into library xil_defaultlib
INFO: [VRFC 10-307] analyzing entity Main_textio_tb
INFO: [USF-XSim-69] 'compile' step finished in '3' seconds
INFO: [Vivado 12-4795] Using compiled simulation libraries for IPs
INFO: [USF-XSim-3] XSim::Elaborate design
INFO: [USF-XSim-61] Executing 'ELABORATE' step in 'C:/Github/MotionDetection/FPGA/motion_detection.sim/sim_1/behav'
Vivado Simulator 2017.1
Copyright 1986-1999, 2001-2016 Xilinx, Inc. All Rights Reserved.
Running: C:/Xilinx/Vivado/2017.1/bin/unwrapped/win64.o/xelab.exe -wto e34b54429b4a46f1b118de9feeb83a29 --debug typical --relax --mt 2 -L blk_mem_gen_v8_3_6 -L xil_defaultlib -L unisims_ver -L unimacro_ver -L secureip -L xpm --snapshot Main_textio_tb_behav xil_defaultlib.Main_textio_tb xil_defaultlib.glbl -log elaborate.log 
Using 2 slave threads.
Starting static elaboration
ERROR: [VRFC 10-2335] case statement does not cover all choices. 'others' clause is needed [C:/Github/MotionDetection/FPGA/motion_detection.srcs/sources_1/new/Main_2.vhd:65]
ERROR: [XSIM 43-3322] Static elaboration of top level Verilog design unit(s) in library work failed.
INFO: [USF-XSim-69] 'elaborate' step finished in '1' seconds
INFO: [USF-XSim-99] Step results log file:'C:/Github/MotionDetection/FPGA/motion_detection.sim/sim_1/behav/elaborate.log'
ERROR: [USF-XSim-62] 'elaborate' step failed with error(s). Please check the Tcl console output or 'C:/Github/MotionDetection/FPGA/motion_detection.sim/sim_1/behav/elaborate.log' file for more information.
ERROR: [Vivado 12-4473] Detected error while running simulation. Please correct the issue and retry this operation.
ERROR: [Common 17-39] 'launch_simulation' failed due to earlier errors.
ERROR: [Common 17-69] Command failed: ERROR: [Common 17-39] 'launch_simulation' failed due to earlier errors.

relaunch_sim
INFO: [Vivado 12-4795] Using compiled simulation libraries for IPs
INFO: [SIM-utils-51] Simulation object is 'sim_1'
INFO: [USF-XSim-7] Finding pre-compiled libraries...
INFO: [USF-XSim-11] File 'C:/Xilinx/Vivado/2017.1/data/xsim/ip/xsim_ip.ini' copied to run dir:'C:/Github/MotionDetection/FPGA/motion_detection.sim/sim_1/behav'
INFO: [SIM-utils-54] Inspecting design source files for 'Main_textio_tb' in fileset 'sim_1'...
INFO: [SIM-utils-43] Exported 'C:/Github/MotionDetection/FPGA/motion_detection.sim/sim_1/behav/InputFrames.mif'
INFO: [SIM-utils-43] Exported 'C:/Github/MotionDetection/FPGA/motion_detection.sim/sim_1/behav/image_Inputs.coe'
INFO: [SIM-utils-43] Exported 'C:/Github/MotionDetection/FPGA/motion_detection.sim/sim_1/behav/Reference_frame.mif'
INFO: [SIM-utils-43] Exported 'C:/Github/MotionDetection/FPGA/motion_detection.sim/sim_1/behav/image_Reference.coe'
INFO: [SIM-utils-43] Exported 'C:/Github/MotionDetection/FPGA/motion_detection.sim/sim_1/behav/image_reference.coe'
INFO: [SIM-utils-43] Exported 'C:/Github/MotionDetection/FPGA/motion_detection.sim/sim_1/behav/image_Inputs.coe'
INFO: [USF-XSim-97] Finding global include files...
INFO: [USF-XSim-100] Fetching design files from 'sources_1'...(this may take a while)...
INFO: [USF-XSim-101] Fetching design files from 'sim_1'...
INFO: [USF-XSim-2] XSim::Compile design
INFO: [USF-XSim-61] Executing 'COMPILE and ANALYZE' step in 'C:/Github/MotionDetection/FPGA/motion_detection.sim/sim_1/behav'
"xvlog -m64 --relax -prj Main_textio_tb_vlog.prj"
INFO: [VRFC 10-2263] Analyzing Verilog file "C:/Github/MotionDetection/FPGA/motion_detection.srcs/sources_1/ip/InputFrames/sim/InputFrames.v" into library xil_defaultlib
INFO: [VRFC 10-311] analyzing module InputFrames
INFO: [VRFC 10-2263] Analyzing Verilog file "C:/Github/MotionDetection/FPGA/motion_detection.srcs/sources_1/ip/Reference_frame/sim/Reference_frame.v" into library xil_defaultlib
INFO: [VRFC 10-311] analyzing module Reference_frame
INFO: [VRFC 10-2263] Analyzing Verilog file "C:/Github/MotionDetection/FPGA/motion_detection.srcs/sources_1/ip/reference_image_RAM/sim/reference_image_RAM.v" into library xil_defaultlib
INFO: [VRFC 10-311] analyzing module reference_image_RAM
INFO: [VRFC 10-2263] Analyzing Verilog file "C:/Github/MotionDetection/FPGA/motion_detection.sim/sim_1/behav/glbl.v" into library xil_defaultlib
INFO: [VRFC 10-311] analyzing module glbl
"xvhdl -m64 --relax -prj Main_textio_tb_vhdl.prj"
INFO: [VRFC 10-163] Analyzing VHDL file "C:/Github/MotionDetection/FPGA/motion_detection.srcs/sources_1/new/Main.vhd" into library xil_defaultlib
INFO: [VRFC 10-307] analyzing entity Main
INFO: [VRFC 10-163] Analyzing VHDL file "C:/Github/MotionDetection/FPGA/motion_detection.srcs/sources_1/new/Main_2.vhd" into library xil_defaultlib
INFO: [VRFC 10-307] analyzing entity Main_2
INFO: [VRFC 10-163] Analyzing VHDL file "C:/Github/MotionDetection/FPGA/motion_detection.srcs/sim_1/new/Main_tb.vhd" into library xil_defaultlib
INFO: [VRFC 10-307] analyzing entity Main_tb
INFO: [VRFC 10-163] Analyzing VHDL file "C:/Github/MotionDetection/FPGA/motion_detection.srcs/sim_1/new/Main_textio_tb.vhd" into library xil_defaultlib
INFO: [VRFC 10-307] analyzing entity Main_textio_tb
INFO: [USF-XSim-69] 'compile' step finished in '2' seconds
INFO: [Vivado 12-4795] Using compiled simulation libraries for IPs
INFO: [USF-XSim-3] XSim::Elaborate design
INFO: [USF-XSim-61] Executing 'ELABORATE' step in 'C:/Github/MotionDetection/FPGA/motion_detection.sim/sim_1/behav'
Vivado Simulator 2017.1
Copyright 1986-1999, 2001-2016 Xilinx, Inc. All Rights Reserved.
Running: C:/Xilinx/Vivado/2017.1/bin/unwrapped/win64.o/xelab.exe -wto e34b54429b4a46f1b118de9feeb83a29 --debug typical --relax --mt 2 -L blk_mem_gen_v8_3_6 -L xil_defaultlib -L unisims_ver -L unimacro_ver -L secureip -L xpm --snapshot Main_textio_tb_behav xil_defaultlib.Main_textio_tb xil_defaultlib.glbl -log elaborate.log 
Using 2 slave threads.
Starting static elaboration
WARNING: [VRFC 10-1783] select index 30 into current_contents is out of bounds [/wrk/2017.1/nightly/2017_04_14_1846317/packages/customer/vivado/data/ip/xilinx/blk_mem_gen_v8_3/simulation/blk_mem_gen_v8_3.v:2419]
WARNING: [VRFC 10-1783] select index 62 into current_contents is out of bounds [/wrk/2017.1/nightly/2017_04_14_1846317/packages/customer/vivado/data/ip/xilinx/blk_mem_gen_v8_3/simulation/blk_mem_gen_v8_3.v:2420]
Completed static elaboration
Starting simulation data flow analysis
Completed simulation data flow analysis
Time Resolution for simulation is 1ps
Compiling package std.standard
Compiling package std.textio
Compiling package ieee.std_logic_1164
Compiling package ieee.numeric_std
Compiling package ieee.std_logic_textio
Compiling package ieee.std_logic_arith
Compiling package ieee.std_logic_unsigned
Compiling package vl.vl_types
Compiling module xil_defaultlib.glbl
Compiling module blk_mem_gen_v8_3_6.blk_mem_gen_v8_3_6_output_stage(...
Compiling module blk_mem_gen_v8_3_6.blk_mem_gen_v8_3_6_output_stage(...
Compiling module blk_mem_gen_v8_3_6.blk_mem_gen_v8_3_6_softecc_outpu...
Compiling module blk_mem_gen_v8_3_6.blk_mem_gen_v8_3_6_mem_module(C_...
Compiling module blk_mem_gen_v8_3_6.blk_mem_gen_v8_3_6(C_FAMILY="zyn...
Compiling module xil_defaultlib.reference_image_RAM
Compiling architecture behavioral of entity xil_defaultlib.Main_2 [main_2_default]
Compiling architecture behavioral of entity xil_defaultlib.main_textio_tb
Built simulation snapshot Main_textio_tb_behav
INFO: [USF-XSim-69] 'elaborate' step finished in '3' seconds
Vivado Simulator 2017.1
Time resolution is 1 ps
Block Memory Generator module Main_textio_tb.uut.your_instance_name.inst.native_mem_module.blk_mem_gen_v8_3_6_inst is using a behavioral model for simulation which will not precisely model memory collision behavior.
blk_mem_gen_v8_3_6 WARNING: Address 9 is outside range for A Write
blk_mem_gen_v8_3_6 WARNING: Address 9 is outside range for A Read
blk_mem_gen_v8_3_6 WARNING: Address 9 is outside range for A Write
blk_mem_gen_v8_3_6 WARNING: Address 9 is outside range for A Read
blk_mem_gen_v8_3_6 WARNING: Address 9 is outside range for A Write
blk_mem_gen_v8_3_6 WARNING: Address 9 is outside range for A Read
blk_mem_gen_v8_3_6 WARNING: Address 9 is outside range for A Write
blk_mem_gen_v8_3_6 WARNING: Address 9 is outside range for A Read
blk_mem_gen_v8_3_6 WARNING: Address 9 is outside range for A Write
blk_mem_gen_v8_3_6 WARNING: Address 9 is outside range for A Read
blk_mem_gen_v8_3_6 WARNING: Address 9 is outside range for A Write
blk_mem_gen_v8_3_6 WARNING: Address 9 is outside range for A Read
blk_mem_gen_v8_3_6 WARNING: Address 9 is outside range for A Write
blk_mem_gen_v8_3_6 WARNING: Address 9 is outside range for A Read
blk_mem_gen_v8_3_6 WARNING: Address 9 is outside range for A Write
blk_mem_gen_v8_3_6 WARNING: Address 9 is outside range for A Read
blk_mem_gen_v8_3_6 WARNING: Address 9 is outside range for A Write
blk_mem_gen_v8_3_6 WARNING: Address 9 is outside range for A Read
blk_mem_gen_v8_3_6 WARNING: Address 9 is outside range for A Write
blk_mem_gen_v8_3_6 WARNING: Address 9 is outside range for A Read
blk_mem_gen_v8_3_6 WARNING: Address 9 is outside range for A Write
blk_mem_gen_v8_3_6 WARNING: Address 9 is outside range for A Read
blk_mem_gen_v8_3_6 WARNING: Address 9 is outside range for A Write
blk_mem_gen_v8_3_6 WARNING: Address 9 is outside range for A Read
blk_mem_gen_v8_3_6 WARNING: Address 9 is outside range for A Write
blk_mem_gen_v8_3_6 WARNING: Address 9 is outside range for A Read
blk_mem_gen_v8_3_6 WARNING: Address 9 is outside range for A Write
blk_mem_gen_v8_3_6 WARNING: Address 9 is outside range for A Read
blk_mem_gen_v8_3_6 WARNING: Address 9 is outside range for A Write
blk_mem_gen_v8_3_6 WARNING: Address 9 is outside range for A Read
blk_mem_gen_v8_3_6 WARNING: Address 9 is outside range for A Write
blk_mem_gen_v8_3_6 WARNING: Address 9 is outside range for A Read
blk_mem_gen_v8_3_6 WARNING: Address 9 is outside range for A Write
blk_mem_gen_v8_3_6 WARNING: Address 9 is outside range for A Read
blk_mem_gen_v8_3_6 WARNING: Address 9 is outside range for A Write
blk_mem_gen_v8_3_6 WARNING: Address 9 is outside range for A Read
blk_mem_gen_v8_3_6 WARNING: Address 9 is outside range for A Write
blk_mem_gen_v8_3_6 WARNING: Address 9 is outside range for A Read
blk_mem_gen_v8_3_6 WARNING: Address 9 is outside range for A Write
blk_mem_gen_v8_3_6 WARNING: Address 9 is outside range for A Read
blk_mem_gen_v8_3_6 WARNING: Address 9 is outside range for A Write
blk_mem_gen_v8_3_6 WARNING: Address 9 is outside range for A Read
blk_mem_gen_v8_3_6 WARNING: Address 9 is outside range for A Write
blk_mem_gen_v8_3_6 WARNING: Address 9 is outside range for A Read
blk_mem_gen_v8_3_6 WARNING: Address 9 is outside range for A Write
blk_mem_gen_v8_3_6 WARNING: Address 9 is outside range for A Read
blk_mem_gen_v8_3_6 WARNING: Address 9 is outside range for A Write
blk_mem_gen_v8_3_6 WARNING: Address 9 is outside range for A Read
blk_mem_gen_v8_3_6 WARNING: Address 9 is outside range for A Write
blk_mem_gen_v8_3_6 WARNING: Address 9 is outside range for A Read
blk_mem_gen_v8_3_6 WARNING: Address 9 is outside range for A Write
blk_mem_gen_v8_3_6 WARNING: Address 9 is outside range for A Read
blk_mem_gen_v8_3_6 WARNING: Address 9 is outside range for A Write
blk_mem_gen_v8_3_6 WARNING: Address 9 is outside range for A Read
blk_mem_gen_v8_3_6 WARNING: Address 9 is outside range for A Write
blk_mem_gen_v8_3_6 WARNING: Address 9 is outside range for A Read
blk_mem_gen_v8_3_6 WARNING: Address 9 is outside range for A Write
blk_mem_gen_v8_3_6 WARNING: Address 9 is outside range for A Read
blk_mem_gen_v8_3_6 WARNING: Address 9 is outside range for A Write
blk_mem_gen_v8_3_6 WARNING: Address 9 is outside range for A Read
blk_mem_gen_v8_3_6 WARNING: Address 9 is outside range for A Write
blk_mem_gen_v8_3_6 WARNING: Address 9 is outside range for A Read
blk_mem_gen_v8_3_6 WARNING: Address 9 is outside range for A Write
blk_mem_gen_v8_3_6 WARNING: Address 9 is outside range for A Read
blk_mem_gen_v8_3_6 WARNING: Address 9 is outside range for A Write
blk_mem_gen_v8_3_6 WARNING: Address 9 is outside range for A Read
blk_mem_gen_v8_3_6 WARNING: Address 9 is outside range for A Write
blk_mem_gen_v8_3_6 WARNING: Address 9 is outside range for A Read
blk_mem_gen_v8_3_6 WARNING: Address 9 is outside range for A Write
blk_mem_gen_v8_3_6 WARNING: Address 9 is outside range for A Read
blk_mem_gen_v8_3_6 WARNING: Address 9 is outside range for A Write
blk_mem_gen_v8_3_6 WARNING: Address 9 is outside range for A Read
blk_mem_gen_v8_3_6 WARNING: Address 9 is outside range for A Write
blk_mem_gen_v8_3_6 WARNING: Address 9 is outside range for A Read
blk_mem_gen_v8_3_6 WARNING: Address 9 is outside range for A Write
blk_mem_gen_v8_3_6 WARNING: Address 9 is outside range for A Read
blk_mem_gen_v8_3_6 WARNING: Address 9 is outside range for A Write
blk_mem_gen_v8_3_6 WARNING: Address 9 is outside range for A Read
blk_mem_gen_v8_3_6 WARNING: Address 9 is outside range for A Write
blk_mem_gen_v8_3_6 WARNING: Address 9 is outside range for A Read
blk_mem_gen_v8_3_6 WARNING: Address 9 is outside range for A Write
blk_mem_gen_v8_3_6 WARNING: Address 9 is outside range for A Read
blk_mem_gen_v8_3_6 WARNING: Address 9 is outside range for A Write
blk_mem_gen_v8_3_6 WARNING: Address 9 is outside range for A Read
blk_mem_gen_v8_3_6 WARNING: Address 9 is outside range for A Write
blk_mem_gen_v8_3_6 WARNING: Address 9 is outside range for A Read
blk_mem_gen_v8_3_6 WARNING: Address 9 is outside range for A Write
blk_mem_gen_v8_3_6 WARNING: Address 9 is outside range for A Read
blk_mem_gen_v8_3_6 WARNING: Address 9 is outside range for A Write
blk_mem_gen_v8_3_6 WARNING: Address 9 is outside range for A Read
blk_mem_gen_v8_3_6 WARNING: Address 9 is outside range for A Write
blk_mem_gen_v8_3_6 WARNING: Address 9 is outside range for A Read
blk_mem_gen_v8_3_6 WARNING: Address 9 is outside range for A Write
blk_mem_gen_v8_3_6 WARNING: Address 9 is outside range for A Read
blk_mem_gen_v8_3_6 WARNING: Address 9 is outside range for A Write
blk_mem_gen_v8_3_6 WARNING: Address 9 is outside range for A Read
blk_mem_gen_v8_3_6 WARNING: Address 9 is outside range for A Write
blk_mem_gen_v8_3_6 WARNING: Address 9 is outside range for A Read
blk_mem_gen_v8_3_6 WARNING: Address 9 is outside range for A Write
blk_mem_gen_v8_3_6 WARNING: Address 9 is outside range for A Read
blk_mem_gen_v8_3_6 WARNING: Address 9 is outside range for A Write
blk_mem_gen_v8_3_6 WARNING: Address 9 is outside range for A Read
blk_mem_gen_v8_3_6 WARNING: Address 9 is outside range for A Write
blk_mem_gen_v8_3_6 WARNING: Address 9 is outside range for A Read
blk_mem_gen_v8_3_6 WARNING: Address 9 is outside range for A Write
blk_mem_gen_v8_3_6 WARNING: Address 9 is outside range for A Read
blk_mem_gen_v8_3_6 WARNING: Address 9 is outside range for A Write
blk_mem_gen_v8_3_6 WARNING: Address 9 is outside range for A Read
blk_mem_gen_v8_3_6 WARNING: Address 9 is outside range for A Write
blk_mem_gen_v8_3_6 WARNING: Address 9 is outside range for A Read
blk_mem_gen_v8_3_6 WARNING: Address 9 is outside range for A Write
blk_mem_gen_v8_3_6 WARNING: Address 9 is outside range for A Read
blk_mem_gen_v8_3_6 WARNING: Address 9 is outside range for A Write
blk_mem_gen_v8_3_6 WARNING: Address 9 is outside range for A Read
blk_mem_gen_v8_3_6 WARNING: Address 9 is outside range for A Write
blk_mem_gen_v8_3_6 WARNING: Address 9 is outside range for A Read
blk_mem_gen_v8_3_6 WARNING: Address 9 is outside range for A Write
blk_mem_gen_v8_3_6 WARNING: Address 9 is outside range for A Read
blk_mem_gen_v8_3_6 WARNING: Address 9 is outside range for A Write
blk_mem_gen_v8_3_6 WARNING: Address 9 is outside range for A Read
blk_mem_gen_v8_3_6 WARNING: Address 9 is outside range for A Write
blk_mem_gen_v8_3_6 WARNING: Address 9 is outside range for A Read
blk_mem_gen_v8_3_6 WARNING: Address 9 is outside range for A Write
blk_mem_gen_v8_3_6 WARNING: Address 9 is outside range for A Read
blk_mem_gen_v8_3_6 WARNING: Address 9 is outside range for A Write
blk_mem_gen_v8_3_6 WARNING: Address 9 is outside range for A Read
blk_mem_gen_v8_3_6 WARNING: Address 9 is outside range for A Write
blk_mem_gen_v8_3_6 WARNING: Address 9 is outside range for A Read
blk_mem_gen_v8_3_6 WARNING: Address 9 is outside range for A Write
blk_mem_gen_v8_3_6 WARNING: Address 9 is outside range for A Read
blk_mem_gen_v8_3_6 WARNING: Address 9 is outside range for A Write
blk_mem_gen_v8_3_6 WARNING: Address 9 is outside range for A Read
blk_mem_gen_v8_3_6 WARNING: Address 9 is outside range for A Write
blk_mem_gen_v8_3_6 WARNING: Address 9 is outside range for A Read
blk_mem_gen_v8_3_6 WARNING: Address 9 is outside range for A Write
blk_mem_gen_v8_3_6 WARNING: Address 9 is outside range for A Read
blk_mem_gen_v8_3_6 WARNING: Address 9 is outside range for A Write
blk_mem_gen_v8_3_6 WARNING: Address 9 is outside range for A Read
blk_mem_gen_v8_3_6 WARNING: Address 9 is outside range for A Write
blk_mem_gen_v8_3_6 WARNING: Address 9 is outside range for A Read
blk_mem_gen_v8_3_6 WARNING: Address 9 is outside range for A Write
blk_mem_gen_v8_3_6 WARNING: Address 9 is outside range for A Read
blk_mem_gen_v8_3_6 WARNING: Address 9 is outside range for A Write
blk_mem_gen_v8_3_6 WARNING: Address 9 is outside range for A Read
blk_mem_gen_v8_3_6 WARNING: Address 9 is outside range for A Write
blk_mem_gen_v8_3_6 WARNING: Address 9 is outside range for A Read
blk_mem_gen_v8_3_6 WARNING: Address 9 is outside range for A Write
blk_mem_gen_v8_3_6 WARNING: Address 9 is outside range for A Read
blk_mem_gen_v8_3_6 WARNING: Address 9 is outside range for A Write
blk_mem_gen_v8_3_6 WARNING: Address 9 is outside range for A Read
blk_mem_gen_v8_3_6 WARNING: Address 9 is outside range for A Write
blk_mem_gen_v8_3_6 WARNING: Address 9 is outside range for A Read
blk_mem_gen_v8_3_6 WARNING: Address 9 is outside range for A Write
blk_mem_gen_v8_3_6 WARNING: Address 9 is outside range for A Read
blk_mem_gen_v8_3_6 WARNING: Address 9 is outside range for A Write
blk_mem_gen_v8_3_6 WARNING: Address 9 is outside range for A Read
blk_mem_gen_v8_3_6 WARNING: Address 9 is outside range for A Write
blk_mem_gen_v8_3_6 WARNING: Address 9 is outside range for A Read
blk_mem_gen_v8_3_6 WARNING: Address 9 is outside range for A Write
blk_mem_gen_v8_3_6 WARNING: Address 9 is outside range for A Read
Warning: TEXTIO function READ: line is empty
Time: 900 ns  Iteration: 0  Process: /Main_textio_tb/char_from_file  File: C:/Github/MotionDetection/FPGA/motion_detection.srcs/sim_1/new/Main_textio_tb.vhd
blk_mem_gen_v8_3_6 WARNING: Address 9 is outside range for A Write
blk_mem_gen_v8_3_6 WARNING: Address 9 is outside range for A Read
Warning: TEXTIO function READ: line is empty
Time: 910 ns  Iteration: 0  Process: /Main_textio_tb/char_from_file  File: C:/Github/MotionDetection/FPGA/motion_detection.srcs/sim_1/new/Main_textio_tb.vhd
blk_mem_gen_v8_3_6 WARNING: Address 9 is outside range for A Write
blk_mem_gen_v8_3_6 WARNING: Address 9 is outside range for A Read
Warning: TEXTIO function READ: line is empty
Time: 920 ns  Iteration: 0  Process: /Main_textio_tb/char_from_file  File: C:/Github/MotionDetection/FPGA/motion_detection.srcs/sim_1/new/Main_textio_tb.vhd
blk_mem_gen_v8_3_6 WARNING: Address 9 is outside range for A Write
blk_mem_gen_v8_3_6 WARNING: Address 9 is outside range for A Read
Warning: TEXTIO function READ: line is empty
Time: 930 ns  Iteration: 0  Process: /Main_textio_tb/char_from_file  File: C:/Github/MotionDetection/FPGA/motion_detection.srcs/sim_1/new/Main_textio_tb.vhd
blk_mem_gen_v8_3_6 WARNING: Address 9 is outside range for A Write
blk_mem_gen_v8_3_6 WARNING: Address 9 is outside range for A Read
Warning: TEXTIO function READ: line is empty
Time: 940 ns  Iteration: 0  Process: /Main_textio_tb/char_from_file  File: C:/Github/MotionDetection/FPGA/motion_detection.srcs/sim_1/new/Main_textio_tb.vhd
blk_mem_gen_v8_3_6 WARNING: Address 9 is outside range for A Write
blk_mem_gen_v8_3_6 WARNING: Address 9 is outside range for A Read
Warning: TEXTIO function READ: line is empty
Time: 950 ns  Iteration: 0  Process: /Main_textio_tb/char_from_file  File: C:/Github/MotionDetection/FPGA/motion_detection.srcs/sim_1/new/Main_textio_tb.vhd
blk_mem_gen_v8_3_6 WARNING: Address 9 is outside range for A Write
blk_mem_gen_v8_3_6 WARNING: Address 9 is outside range for A Read
Warning: TEXTIO function READ: line is empty
Time: 960 ns  Iteration: 0  Process: /Main_textio_tb/char_from_file  File: C:/Github/MotionDetection/FPGA/motion_detection.srcs/sim_1/new/Main_textio_tb.vhd
blk_mem_gen_v8_3_6 WARNING: Address 9 is outside range for A Write
blk_mem_gen_v8_3_6 WARNING: Address 9 is outside range for A Read
Warning: TEXTIO function READ: line is empty
Time: 970 ns  Iteration: 0  Process: /Main_textio_tb/char_from_file  File: C:/Github/MotionDetection/FPGA/motion_detection.srcs/sim_1/new/Main_textio_tb.vhd
blk_mem_gen_v8_3_6 WARNING: Address 9 is outside range for A Write
blk_mem_gen_v8_3_6 WARNING: Address 9 is outside range for A Read
Warning: TEXTIO function READ: line is empty
Time: 980 ns  Iteration: 0  Process: /Main_textio_tb/char_from_file  File: C:/Github/MotionDetection/FPGA/motion_detection.srcs/sim_1/new/Main_textio_tb.vhd
blk_mem_gen_v8_3_6 WARNING: Address 9 is outside range for A Write
blk_mem_gen_v8_3_6 WARNING: Address 9 is outside range for A Read
Note: im here
Time: 990 ns  Iteration: 0  Process: /Main_textio_tb/char_from_file  File: C:/Github/MotionDetection/FPGA/motion_detection.srcs/sim_1/new/Main_textio_tb.vhd
blk_mem_gen_v8_3_6 WARNING: Address 9 is outside range for A Write
blk_mem_gen_v8_3_6 WARNING: Address 9 is outside range for A Read
relaunch_sim: Time (s): cpu = 00:00:01 ; elapsed = 00:00:07 . Memory (MB): peak = 813.676 ; gain = 0.000
restart
INFO: [Simtcl 6-17] Simulation restarted
run 200 ns
Block Memory Generator module Main_textio_tb.uut.your_instance_name.inst.native_mem_module.blk_mem_gen_v8_3_6_inst is using a behavioral model for simulation which will not precisely model memory collision behavior.
blk_mem_gen_v8_3_6 WARNING: Address 9 is outside range for A Write
blk_mem_gen_v8_3_6 WARNING: Address 9 is outside range for A Read
blk_mem_gen_v8_3_6 WARNING: Address 9 is outside range for A Write
blk_mem_gen_v8_3_6 WARNING: Address 9 is outside range for A Read
blk_mem_gen_v8_3_6 WARNING: Address 9 is outside range for A Write
blk_mem_gen_v8_3_6 WARNING: Address 9 is outside range for A Read
blk_mem_gen_v8_3_6 WARNING: Address 9 is outside range for A Write
blk_mem_gen_v8_3_6 WARNING: Address 9 is outside range for A Read
blk_mem_gen_v8_3_6 WARNING: Address 9 is outside range for A Write
blk_mem_gen_v8_3_6 WARNING: Address 9 is outside range for A Read
blk_mem_gen_v8_3_6 WARNING: Address 9 is outside range for A Write
blk_mem_gen_v8_3_6 WARNING: Address 9 is outside range for A Read
blk_mem_gen_v8_3_6 WARNING: Address 9 is outside range for A Write
blk_mem_gen_v8_3_6 WARNING: Address 9 is outside range for A Read
blk_mem_gen_v8_3_6 WARNING: Address 9 is outside range for A Write
blk_mem_gen_v8_3_6 WARNING: Address 9 is outside range for A Read
blk_mem_gen_v8_3_6 WARNING: Address 9 is outside range for A Write
blk_mem_gen_v8_3_6 WARNING: Address 9 is outside range for A Read
blk_mem_gen_v8_3_6 WARNING: Address 9 is outside range for A Write
blk_mem_gen_v8_3_6 WARNING: Address 9 is outside range for A Read
save_wave_config {C:/Github/MotionDetection/FPGA/Main_tb_behav.wcfg}
relaunch_sim
INFO: [Vivado 12-4795] Using compiled simulation libraries for IPs
INFO: [SIM-utils-51] Simulation object is 'sim_1'
INFO: [USF-XSim-7] Finding pre-compiled libraries...
INFO: [USF-XSim-11] File 'C:/Xilinx/Vivado/2017.1/data/xsim/ip/xsim_ip.ini' copied to run dir:'C:/Github/MotionDetection/FPGA/motion_detection.sim/sim_1/behav'
INFO: [SIM-utils-54] Inspecting design source files for 'Main_textio_tb' in fileset 'sim_1'...
INFO: [SIM-utils-43] Exported 'C:/Github/MotionDetection/FPGA/motion_detection.sim/sim_1/behav/InputFrames.mif'
INFO: [SIM-utils-43] Exported 'C:/Github/MotionDetection/FPGA/motion_detection.sim/sim_1/behav/image_Inputs.coe'
INFO: [SIM-utils-43] Exported 'C:/Github/MotionDetection/FPGA/motion_detection.sim/sim_1/behav/Reference_frame.mif'
INFO: [SIM-utils-43] Exported 'C:/Github/MotionDetection/FPGA/motion_detection.sim/sim_1/behav/image_Reference.coe'
INFO: [SIM-utils-43] Exported 'C:/Github/MotionDetection/FPGA/motion_detection.sim/sim_1/behav/image_reference.coe'
INFO: [SIM-utils-43] Exported 'C:/Github/MotionDetection/FPGA/motion_detection.sim/sim_1/behav/image_Inputs.coe'
INFO: [USF-XSim-97] Finding global include files...
INFO: [USF-XSim-100] Fetching design files from 'sources_1'...(this may take a while)...
INFO: [USF-XSim-101] Fetching design files from 'sim_1'...
INFO: [USF-XSim-2] XSim::Compile design
INFO: [USF-XSim-61] Executing 'COMPILE and ANALYZE' step in 'C:/Github/MotionDetection/FPGA/motion_detection.sim/sim_1/behav'
"xvlog -m64 --relax -prj Main_textio_tb_vlog.prj"
INFO: [VRFC 10-2263] Analyzing Verilog file "C:/Github/MotionDetection/FPGA/motion_detection.srcs/sources_1/ip/InputFrames/sim/InputFrames.v" into library xil_defaultlib
INFO: [VRFC 10-311] analyzing module InputFrames
INFO: [VRFC 10-2263] Analyzing Verilog file "C:/Github/MotionDetection/FPGA/motion_detection.srcs/sources_1/ip/Reference_frame/sim/Reference_frame.v" into library xil_defaultlib
INFO: [VRFC 10-311] analyzing module Reference_frame
INFO: [VRFC 10-2263] Analyzing Verilog file "C:/Github/MotionDetection/FPGA/motion_detection.srcs/sources_1/ip/reference_image_RAM/sim/reference_image_RAM.v" into library xil_defaultlib
INFO: [VRFC 10-311] analyzing module reference_image_RAM
INFO: [VRFC 10-2263] Analyzing Verilog file "C:/Github/MotionDetection/FPGA/motion_detection.sim/sim_1/behav/glbl.v" into library xil_defaultlib
INFO: [VRFC 10-311] analyzing module glbl
"xvhdl -m64 --relax -prj Main_textio_tb_vhdl.prj"
INFO: [VRFC 10-163] Analyzing VHDL file "C:/Github/MotionDetection/FPGA/motion_detection.srcs/sources_1/new/Main.vhd" into library xil_defaultlib
INFO: [VRFC 10-307] analyzing entity Main
INFO: [VRFC 10-163] Analyzing VHDL file "C:/Github/MotionDetection/FPGA/motion_detection.srcs/sources_1/new/Main_2.vhd" into library xil_defaultlib
INFO: [VRFC 10-307] analyzing entity Main_2
INFO: [VRFC 10-163] Analyzing VHDL file "C:/Github/MotionDetection/FPGA/motion_detection.srcs/sim_1/new/Main_tb.vhd" into library xil_defaultlib
INFO: [VRFC 10-307] analyzing entity Main_tb
INFO: [VRFC 10-163] Analyzing VHDL file "C:/Github/MotionDetection/FPGA/motion_detection.srcs/sim_1/new/Main_textio_tb.vhd" into library xil_defaultlib
INFO: [VRFC 10-307] analyzing entity Main_textio_tb
INFO: [USF-XSim-69] 'compile' step finished in '2' seconds
INFO: [Vivado 12-4795] Using compiled simulation libraries for IPs
INFO: [USF-XSim-3] XSim::Elaborate design
INFO: [USF-XSim-61] Executing 'ELABORATE' step in 'C:/Github/MotionDetection/FPGA/motion_detection.sim/sim_1/behav'
Vivado Simulator 2017.1
Copyright 1986-1999, 2001-2016 Xilinx, Inc. All Rights Reserved.
Running: C:/Xilinx/Vivado/2017.1/bin/unwrapped/win64.o/xelab.exe -wto e34b54429b4a46f1b118de9feeb83a29 --debug typical --relax --mt 2 -L blk_mem_gen_v8_3_6 -L xil_defaultlib -L unisims_ver -L unimacro_ver -L secureip -L xpm --snapshot Main_textio_tb_behav xil_defaultlib.Main_textio_tb xil_defaultlib.glbl -log elaborate.log 
Using 2 slave threads.
Starting static elaboration
WARNING: [VRFC 10-1783] select index 30 into current_contents is out of bounds [/wrk/2017.1/nightly/2017_04_14_1846317/packages/customer/vivado/data/ip/xilinx/blk_mem_gen_v8_3/simulation/blk_mem_gen_v8_3.v:2419]
WARNING: [VRFC 10-1783] select index 62 into current_contents is out of bounds [/wrk/2017.1/nightly/2017_04_14_1846317/packages/customer/vivado/data/ip/xilinx/blk_mem_gen_v8_3/simulation/blk_mem_gen_v8_3.v:2420]
Completed static elaboration
Starting simulation data flow analysis
Completed simulation data flow analysis
Time Resolution for simulation is 1ps
Compiling package std.standard
Compiling package std.textio
Compiling package ieee.std_logic_1164
Compiling package ieee.numeric_std
Compiling package ieee.std_logic_textio
Compiling package ieee.std_logic_arith
Compiling package ieee.std_logic_unsigned
Compiling package vl.vl_types
Compiling module xil_defaultlib.glbl
Compiling module blk_mem_gen_v8_3_6.blk_mem_gen_v8_3_6_output_stage(...
Compiling module blk_mem_gen_v8_3_6.blk_mem_gen_v8_3_6_output_stage(...
Compiling module blk_mem_gen_v8_3_6.blk_mem_gen_v8_3_6_softecc_outpu...
Compiling module blk_mem_gen_v8_3_6.blk_mem_gen_v8_3_6_mem_module(C_...
Compiling module blk_mem_gen_v8_3_6.blk_mem_gen_v8_3_6(C_FAMILY="zyn...
Compiling module xil_defaultlib.reference_image_RAM
Compiling architecture behavioral of entity xil_defaultlib.Main_2 [main_2_default]
Compiling architecture behavioral of entity xil_defaultlib.main_textio_tb
Built simulation snapshot Main_textio_tb_behav
INFO: [USF-XSim-69] 'elaborate' step finished in '3' seconds
Vivado Simulator 2017.1
Time resolution is 1 ps
Block Memory Generator module Main_textio_tb.uut.your_instance_name.inst.native_mem_module.blk_mem_gen_v8_3_6_inst is using a behavioral model for simulation which will not precisely model memory collision behavior.
blk_mem_gen_v8_3_6 WARNING: Address 9 is outside range for A Write
blk_mem_gen_v8_3_6 WARNING: Address 9 is outside range for A Read
blk_mem_gen_v8_3_6 WARNING: Address 9 is outside range for A Write
blk_mem_gen_v8_3_6 WARNING: Address 9 is outside range for A Read
blk_mem_gen_v8_3_6 WARNING: Address 9 is outside range for A Write
blk_mem_gen_v8_3_6 WARNING: Address 9 is outside range for A Read
blk_mem_gen_v8_3_6 WARNING: Address 9 is outside range for A Write
blk_mem_gen_v8_3_6 WARNING: Address 9 is outside range for A Read
blk_mem_gen_v8_3_6 WARNING: Address 9 is outside range for A Write
blk_mem_gen_v8_3_6 WARNING: Address 9 is outside range for A Read
blk_mem_gen_v8_3_6 WARNING: Address 9 is outside range for A Write
blk_mem_gen_v8_3_6 WARNING: Address 9 is outside range for A Read
blk_mem_gen_v8_3_6 WARNING: Address 9 is outside range for A Write
blk_mem_gen_v8_3_6 WARNING: Address 9 is outside range for A Read
blk_mem_gen_v8_3_6 WARNING: Address 9 is outside range for A Write
blk_mem_gen_v8_3_6 WARNING: Address 9 is outside range for A Read
blk_mem_gen_v8_3_6 WARNING: Address 9 is outside range for A Write
blk_mem_gen_v8_3_6 WARNING: Address 9 is outside range for A Read
blk_mem_gen_v8_3_6 WARNING: Address 9 is outside range for A Write
blk_mem_gen_v8_3_6 WARNING: Address 9 is outside range for A Read
blk_mem_gen_v8_3_6 WARNING: Address 9 is outside range for A Write
blk_mem_gen_v8_3_6 WARNING: Address 9 is outside range for A Read
blk_mem_gen_v8_3_6 WARNING: Address 9 is outside range for A Write
blk_mem_gen_v8_3_6 WARNING: Address 9 is outside range for A Read
blk_mem_gen_v8_3_6 WARNING: Address 9 is outside range for A Write
blk_mem_gen_v8_3_6 WARNING: Address 9 is outside range for A Read
blk_mem_gen_v8_3_6 WARNING: Address 9 is outside range for A Write
blk_mem_gen_v8_3_6 WARNING: Address 9 is outside range for A Read
blk_mem_gen_v8_3_6 WARNING: Address 9 is outside range for A Write
blk_mem_gen_v8_3_6 WARNING: Address 9 is outside range for A Read
blk_mem_gen_v8_3_6 WARNING: Address 9 is outside range for A Write
blk_mem_gen_v8_3_6 WARNING: Address 9 is outside range for A Read
blk_mem_gen_v8_3_6 WARNING: Address 9 is outside range for A Write
blk_mem_gen_v8_3_6 WARNING: Address 9 is outside range for A Read
blk_mem_gen_v8_3_6 WARNING: Address 9 is outside range for A Write
blk_mem_gen_v8_3_6 WARNING: Address 9 is outside range for A Read
blk_mem_gen_v8_3_6 WARNING: Address 9 is outside range for A Write
blk_mem_gen_v8_3_6 WARNING: Address 9 is outside range for A Read
blk_mem_gen_v8_3_6 WARNING: Address 9 is outside range for A Write
blk_mem_gen_v8_3_6 WARNING: Address 9 is outside range for A Read
blk_mem_gen_v8_3_6 WARNING: Address 9 is outside range for A Write
blk_mem_gen_v8_3_6 WARNING: Address 9 is outside range for A Read
blk_mem_gen_v8_3_6 WARNING: Address 9 is outside range for A Write
blk_mem_gen_v8_3_6 WARNING: Address 9 is outside range for A Read
blk_mem_gen_v8_3_6 WARNING: Address 9 is outside range for A Write
blk_mem_gen_v8_3_6 WARNING: Address 9 is outside range for A Read
blk_mem_gen_v8_3_6 WARNING: Address 9 is outside range for A Write
blk_mem_gen_v8_3_6 WARNING: Address 9 is outside range for A Read
blk_mem_gen_v8_3_6 WARNING: Address 9 is outside range for A Write
blk_mem_gen_v8_3_6 WARNING: Address 9 is outside range for A Read
blk_mem_gen_v8_3_6 WARNING: Address 9 is outside range for A Write
blk_mem_gen_v8_3_6 WARNING: Address 9 is outside range for A Read
blk_mem_gen_v8_3_6 WARNING: Address 9 is outside range for A Write
blk_mem_gen_v8_3_6 WARNING: Address 9 is outside range for A Read
blk_mem_gen_v8_3_6 WARNING: Address 9 is outside range for A Write
blk_mem_gen_v8_3_6 WARNING: Address 9 is outside range for A Read
blk_mem_gen_v8_3_6 WARNING: Address 9 is outside range for A Write
blk_mem_gen_v8_3_6 WARNING: Address 9 is outside range for A Read
blk_mem_gen_v8_3_6 WARNING: Address 9 is outside range for A Write
blk_mem_gen_v8_3_6 WARNING: Address 9 is outside range for A Read
blk_mem_gen_v8_3_6 WARNING: Address 9 is outside range for A Write
blk_mem_gen_v8_3_6 WARNING: Address 9 is outside range for A Read
blk_mem_gen_v8_3_6 WARNING: Address 9 is outside range for A Write
blk_mem_gen_v8_3_6 WARNING: Address 9 is outside range for A Read
blk_mem_gen_v8_3_6 WARNING: Address 9 is outside range for A Write
blk_mem_gen_v8_3_6 WARNING: Address 9 is outside range for A Read
blk_mem_gen_v8_3_6 WARNING: Address 9 is outside range for A Write
blk_mem_gen_v8_3_6 WARNING: Address 9 is outside range for A Read
blk_mem_gen_v8_3_6 WARNING: Address 9 is outside range for A Write
blk_mem_gen_v8_3_6 WARNING: Address 9 is outside range for A Read
blk_mem_gen_v8_3_6 WARNING: Address 9 is outside range for A Write
blk_mem_gen_v8_3_6 WARNING: Address 9 is outside range for A Read
blk_mem_gen_v8_3_6 WARNING: Address 9 is outside range for A Write
blk_mem_gen_v8_3_6 WARNING: Address 9 is outside range for A Read
blk_mem_gen_v8_3_6 WARNING: Address 9 is outside range for A Write
blk_mem_gen_v8_3_6 WARNING: Address 9 is outside range for A Read
blk_mem_gen_v8_3_6 WARNING: Address 9 is outside range for A Write
blk_mem_gen_v8_3_6 WARNING: Address 9 is outside range for A Read
blk_mem_gen_v8_3_6 WARNING: Address 9 is outside range for A Write
blk_mem_gen_v8_3_6 WARNING: Address 9 is outside range for A Read
blk_mem_gen_v8_3_6 WARNING: Address 9 is outside range for A Write
blk_mem_gen_v8_3_6 WARNING: Address 9 is outside range for A Read
blk_mem_gen_v8_3_6 WARNING: Address 9 is outside range for A Write
blk_mem_gen_v8_3_6 WARNING: Address 9 is outside range for A Read
blk_mem_gen_v8_3_6 WARNING: Address 9 is outside range for A Write
blk_mem_gen_v8_3_6 WARNING: Address 9 is outside range for A Read
blk_mem_gen_v8_3_6 WARNING: Address 9 is outside range for A Write
blk_mem_gen_v8_3_6 WARNING: Address 9 is outside range for A Read
blk_mem_gen_v8_3_6 WARNING: Address 9 is outside range for A Write
blk_mem_gen_v8_3_6 WARNING: Address 9 is outside range for A Read
blk_mem_gen_v8_3_6 WARNING: Address 9 is outside range for A Write
blk_mem_gen_v8_3_6 WARNING: Address 9 is outside range for A Read
blk_mem_gen_v8_3_6 WARNING: Address 9 is outside range for A Write
blk_mem_gen_v8_3_6 WARNING: Address 9 is outside range for A Read
blk_mem_gen_v8_3_6 WARNING: Address 9 is outside range for A Write
blk_mem_gen_v8_3_6 WARNING: Address 9 is outside range for A Read
blk_mem_gen_v8_3_6 WARNING: Address 9 is outside range for A Write
blk_mem_gen_v8_3_6 WARNING: Address 9 is outside range for A Read
blk_mem_gen_v8_3_6 WARNING: Address 9 is outside range for A Write
blk_mem_gen_v8_3_6 WARNING: Address 9 is outside range for A Read
blk_mem_gen_v8_3_6 WARNING: Address 9 is outside range for A Write
blk_mem_gen_v8_3_6 WARNING: Address 9 is outside range for A Read
blk_mem_gen_v8_3_6 WARNING: Address 9 is outside range for A Write
blk_mem_gen_v8_3_6 WARNING: Address 9 is outside range for A Read
blk_mem_gen_v8_3_6 WARNING: Address 9 is outside range for A Write
blk_mem_gen_v8_3_6 WARNING: Address 9 is outside range for A Read
blk_mem_gen_v8_3_6 WARNING: Address 9 is outside range for A Write
blk_mem_gen_v8_3_6 WARNING: Address 9 is outside range for A Read
blk_mem_gen_v8_3_6 WARNING: Address 9 is outside range for A Write
blk_mem_gen_v8_3_6 WARNING: Address 9 is outside range for A Read
blk_mem_gen_v8_3_6 WARNING: Address 9 is outside range for A Write
blk_mem_gen_v8_3_6 WARNING: Address 9 is outside range for A Read
blk_mem_gen_v8_3_6 WARNING: Address 9 is outside range for A Write
blk_mem_gen_v8_3_6 WARNING: Address 9 is outside range for A Read
blk_mem_gen_v8_3_6 WARNING: Address 9 is outside range for A Write
blk_mem_gen_v8_3_6 WARNING: Address 9 is outside range for A Read
blk_mem_gen_v8_3_6 WARNING: Address 9 is outside range for A Write
blk_mem_gen_v8_3_6 WARNING: Address 9 is outside range for A Read
blk_mem_gen_v8_3_6 WARNING: Address 9 is outside range for A Write
blk_mem_gen_v8_3_6 WARNING: Address 9 is outside range for A Read
blk_mem_gen_v8_3_6 WARNING: Address 9 is outside range for A Write
blk_mem_gen_v8_3_6 WARNING: Address 9 is outside range for A Read
blk_mem_gen_v8_3_6 WARNING: Address 9 is outside range for A Write
blk_mem_gen_v8_3_6 WARNING: Address 9 is outside range for A Read
blk_mem_gen_v8_3_6 WARNING: Address 9 is outside range for A Write
blk_mem_gen_v8_3_6 WARNING: Address 9 is outside range for A Read
blk_mem_gen_v8_3_6 WARNING: Address 9 is outside range for A Write
blk_mem_gen_v8_3_6 WARNING: Address 9 is outside range for A Read
blk_mem_gen_v8_3_6 WARNING: Address 9 is outside range for A Write
blk_mem_gen_v8_3_6 WARNING: Address 9 is outside range for A Read
blk_mem_gen_v8_3_6 WARNING: Address 9 is outside range for A Write
blk_mem_gen_v8_3_6 WARNING: Address 9 is outside range for A Read
blk_mem_gen_v8_3_6 WARNING: Address 9 is outside range for A Write
blk_mem_gen_v8_3_6 WARNING: Address 9 is outside range for A Read
blk_mem_gen_v8_3_6 WARNING: Address 9 is outside range for A Write
blk_mem_gen_v8_3_6 WARNING: Address 9 is outside range for A Read
blk_mem_gen_v8_3_6 WARNING: Address 9 is outside range for A Write
blk_mem_gen_v8_3_6 WARNING: Address 9 is outside range for A Read
blk_mem_gen_v8_3_6 WARNING: Address 9 is outside range for A Write
blk_mem_gen_v8_3_6 WARNING: Address 9 is outside range for A Read
blk_mem_gen_v8_3_6 WARNING: Address 9 is outside range for A Write
blk_mem_gen_v8_3_6 WARNING: Address 9 is outside range for A Read
blk_mem_gen_v8_3_6 WARNING: Address 9 is outside range for A Write
blk_mem_gen_v8_3_6 WARNING: Address 9 is outside range for A Read
blk_mem_gen_v8_3_6 WARNING: Address 9 is outside range for A Write
blk_mem_gen_v8_3_6 WARNING: Address 9 is outside range for A Read
blk_mem_gen_v8_3_6 WARNING: Address 9 is outside range for A Write
blk_mem_gen_v8_3_6 WARNING: Address 9 is outside range for A Read
blk_mem_gen_v8_3_6 WARNING: Address 9 is outside range for A Write
blk_mem_gen_v8_3_6 WARNING: Address 9 is outside range for A Read
blk_mem_gen_v8_3_6 WARNING: Address 9 is outside range for A Write
blk_mem_gen_v8_3_6 WARNING: Address 9 is outside range for A Read
blk_mem_gen_v8_3_6 WARNING: Address 9 is outside range for A Write
blk_mem_gen_v8_3_6 WARNING: Address 9 is outside range for A Read
blk_mem_gen_v8_3_6 WARNING: Address 9 is outside range for A Write
blk_mem_gen_v8_3_6 WARNING: Address 9 is outside range for A Read
blk_mem_gen_v8_3_6 WARNING: Address 9 is outside range for A Write
blk_mem_gen_v8_3_6 WARNING: Address 9 is outside range for A Read
blk_mem_gen_v8_3_6 WARNING: Address 9 is outside range for A Write
blk_mem_gen_v8_3_6 WARNING: Address 9 is outside range for A Read
Warning: TEXTIO function READ: line is empty
Time: 900 ns  Iteration: 0  Process: /Main_textio_tb/char_from_file  File: C:/Github/MotionDetection/FPGA/motion_detection.srcs/sim_1/new/Main_textio_tb.vhd
blk_mem_gen_v8_3_6 WARNING: Address 9 is outside range for A Write
blk_mem_gen_v8_3_6 WARNING: Address 9 is outside range for A Read
Warning: TEXTIO function READ: line is empty
Time: 910 ns  Iteration: 0  Process: /Main_textio_tb/char_from_file  File: C:/Github/MotionDetection/FPGA/motion_detection.srcs/sim_1/new/Main_textio_tb.vhd
blk_mem_gen_v8_3_6 WARNING: Address 9 is outside range for A Write
blk_mem_gen_v8_3_6 WARNING: Address 9 is outside range for A Read
Warning: TEXTIO function READ: line is empty
Time: 920 ns  Iteration: 0  Process: /Main_textio_tb/char_from_file  File: C:/Github/MotionDetection/FPGA/motion_detection.srcs/sim_1/new/Main_textio_tb.vhd
blk_mem_gen_v8_3_6 WARNING: Address 9 is outside range for A Write
blk_mem_gen_v8_3_6 WARNING: Address 9 is outside range for A Read
Warning: TEXTIO function READ: line is empty
Time: 930 ns  Iteration: 0  Process: /Main_textio_tb/char_from_file  File: C:/Github/MotionDetection/FPGA/motion_detection.srcs/sim_1/new/Main_textio_tb.vhd
blk_mem_gen_v8_3_6 WARNING: Address 9 is outside range for A Write
blk_mem_gen_v8_3_6 WARNING: Address 9 is outside range for A Read
Warning: TEXTIO function READ: line is empty
Time: 940 ns  Iteration: 0  Process: /Main_textio_tb/char_from_file  File: C:/Github/MotionDetection/FPGA/motion_detection.srcs/sim_1/new/Main_textio_tb.vhd
blk_mem_gen_v8_3_6 WARNING: Address 9 is outside range for A Write
blk_mem_gen_v8_3_6 WARNING: Address 9 is outside range for A Read
Warning: TEXTIO function READ: line is empty
Time: 950 ns  Iteration: 0  Process: /Main_textio_tb/char_from_file  File: C:/Github/MotionDetection/FPGA/motion_detection.srcs/sim_1/new/Main_textio_tb.vhd
blk_mem_gen_v8_3_6 WARNING: Address 9 is outside range for A Write
blk_mem_gen_v8_3_6 WARNING: Address 9 is outside range for A Read
Warning: TEXTIO function READ: line is empty
Time: 960 ns  Iteration: 0  Process: /Main_textio_tb/char_from_file  File: C:/Github/MotionDetection/FPGA/motion_detection.srcs/sim_1/new/Main_textio_tb.vhd
blk_mem_gen_v8_3_6 WARNING: Address 9 is outside range for A Write
blk_mem_gen_v8_3_6 WARNING: Address 9 is outside range for A Read
Warning: TEXTIO function READ: line is empty
Time: 970 ns  Iteration: 0  Process: /Main_textio_tb/char_from_file  File: C:/Github/MotionDetection/FPGA/motion_detection.srcs/sim_1/new/Main_textio_tb.vhd
blk_mem_gen_v8_3_6 WARNING: Address 9 is outside range for A Write
blk_mem_gen_v8_3_6 WARNING: Address 9 is outside range for A Read
Warning: TEXTIO function READ: line is empty
Time: 980 ns  Iteration: 0  Process: /Main_textio_tb/char_from_file  File: C:/Github/MotionDetection/FPGA/motion_detection.srcs/sim_1/new/Main_textio_tb.vhd
blk_mem_gen_v8_3_6 WARNING: Address 9 is outside range for A Write
blk_mem_gen_v8_3_6 WARNING: Address 9 is outside range for A Read
Note: im here
Time: 990 ns  Iteration: 0  Process: /Main_textio_tb/char_from_file  File: C:/Github/MotionDetection/FPGA/motion_detection.srcs/sim_1/new/Main_textio_tb.vhd
blk_mem_gen_v8_3_6 WARNING: Address 9 is outside range for A Write
blk_mem_gen_v8_3_6 WARNING: Address 9 is outside range for A Read
relaunch_sim: Time (s): cpu = 00:00:01 ; elapsed = 00:00:09 . Memory (MB): peak = 817.273 ; gain = 1.012
save_wave_config {C:/Github/MotionDetection/FPGA/Main_tb_behav.wcfg}
close_sim
INFO: [Simtcl 6-16] Simulation closed
exit
INFO: [Common 17-206] Exiting Vivado at Thu Aug 23 13:17:04 2018...
