#-----------------------------------------------------------
# Vivado v2017.1 (64-bit)
# SW Build 1846317 on Fri Apr 14 18:55:03 MDT 2017
# IP Build 1846188 on Fri Apr 14 20:52:08 MDT 2017
# Start of session at: Thu Aug  9 20:50:15 2018
# Process ID: 13524
# Current directory: C:/Github/MotionDetection/FPGA
# Command line: vivado.exe -gui_launcher_event rodinguilauncherevent15796 C:\Github\MotionDetection\FPGA\motion_detection.xpr
# Log file: C:/Github/MotionDetection/FPGA/vivado.log
# Journal file: C:/Github/MotionDetection/FPGA\vivado.jou
#-----------------------------------------------------------
start_gui
open_project C:/Github/MotionDetection/FPGA/motion_detection.xpr
INFO: [Project 1-313] Project file moved from 'C:/programming/GitHub/MotionDetection/FPGA' since last save.
Scanning sources...
Finished scanning sources
WARNING: [Project 1-509] GeneratedRun file for 'InputFrames_synth_1' not found
WARNING: [Project 1-509] GeneratedRun file for 'Reference_frame_synth_1' not found
INFO: [IP_Flow 19-234] Refreshing IP repositories
INFO: [IP_Flow 19-1704] No user IP repositories specified
INFO: [IP_Flow 19-2313] Loaded Vivado IP repository 'C:/Xilinx/Vivado/2017.1/data/ip'.
INFO: [Device 21-403] Loading part xc7z020clg400-1
open_project: Time (s): cpu = 00:00:26 ; elapsed = 00:00:22 . Memory (MB): peak = 968.105 ; gain = 285.340
update_compile_order -fileset sources_1
