Unable to capture context for thread 5816 in process 9464, can not generate back trace
Unable to capture context for thread 8332 in process 9464, can not generate back trace
Unable to capture context for thread 8844 in process 9464, can not generate back trace
Unable to capture context for thread 5048 in process 9464, can not generate back trace
Unable to capture context for thread 12900 in process 9464, can not generate back trace
Unable to capture context for thread 8960 in process 9464, can not generate back trace
Unable to capture context for thread 7800 in process 9464, can not generate back trace
Unable to capture context for thread 1892 in process 9464, can not generate back trace
Exception at PC 0x00007FFF05E4A388
Exception at PC 0x00007FFF05E4A388
Exception at PC 0x00007FFF05E4A388
Unable to capture context for thread 6292 in process 9464, can not generate back trace
Unable to capture context for thread 11320 in process 9464, can not generate back trace
Unable to capture context for thread 7028 in process 9464, can not generate back trace
Exception at PC 0x00007FFF05E4A388
Unable to capture context for thread 6292 in process 9464, can not generate back trace
Unable to capture context for thread 7028 in process 9464, can not generate back trace
Exception at PC 0x00007FFED40FBB93
Printing stacktrace...

[0]  [0x00007FFED40FBB93]
[1]  [0x00007FFED40FBB93]
[2]  [0x00007FFED40FB4A1]
[3]  [0x00007FFED40FB3EF]
[4]  [0x00007FFED40E19FE]
[5]  [0x00007FFED40E0ED1]
[6]  [0x00007FFED40E0D76]
[7]  [0x00007FFED40879F6]
[8]  [0x00007FFED4077AFB]
[9]  [0x00007FFED419E90A]
[10]  [0x00007FFED41B9F87]
[11]  [0x00007FFED41BA05F]
[12] (BaseThreadInitThunk+0x14) [0x00007FFF08C03034]
[13] (RtlUserThreadStart+0x21) [0x00007FFF09651431]
Done
Exception at PC 0x00007FFF05E4A388
Exception at PC 0x00007FFF05E4A388
Exception at PC 0x00007FFF05E4A388
Exception at PC 0x00007FFF05E4A388
Exception at PC 0x00007FFF05E4A388
Exception at PC 0x00007FFF05E4A388
Exception at PC 0x00007FFF05E4A388
Exception at PC 0x00007FFF05E4A388
Exception at PC 0x00007FFF05E4A388
Exception at PC 0x00007FFF05E4A388
Exception at PC 0x00007FFF05E4A388
Exception at PC 0x00007FFF05E4A388
Exception at PC 0x00007FFF05E4A388
Exception at PC 0x00007FFF05E4A388
