Vivado Simulator 2017.1
Time resolution is 1 ps
Block Memory Generator module Main_textio_tb.uut.your_instance_name.inst.native_mem_module.blk_mem_gen_v8_3_6_inst is using a behavioral model for simulation which will not precisely model memory collision behavior.
blk_mem_gen_v8_3_6 WARNING: Address 9 is outside range for A Write
blk_mem_gen_v8_3_6 WARNING: Address 9 is outside range for A Read
blk_mem_gen_v8_3_6 WARNING: Address 9 is outside range for A Read
blk_mem_gen_v8_3_6 WARNING: Address 9 is outside range for A Read
blk_mem_gen_v8_3_6 WARNING: Address 9 is outside range for A Read
blk_mem_gen_v8_3_6 WARNING: Address 9 is outside range for A Read
blk_mem_gen_v8_3_6 WARNING: Address 9 is outside range for A Read
blk_mem_gen_v8_3_6 WARNING: Address 9 is outside range for A Read
blk_mem_gen_v8_3_6 WARNING: Address 9 is outside range for A Read
blk_mem_gen_v8_3_6 WARNING: Address 9 is outside range for A Read
blk_mem_gen_v8_3_6 WARNING: Address 9 is outside range for A Read
blk_mem_gen_v8_3_6 WARNING: Address 9 is outside range for A Read
blk_mem_gen_v8_3_6 WARNING: Address 9 is outside range for A Read
blk_mem_gen_v8_3_6 WARNING: Address 9 is outside range for A Read
blk_mem_gen_v8_3_6 WARNING: Address 9 is outside range for A Read
blk_mem_gen_v8_3_6 WARNING: Address 9 is outside range for A Read
blk_mem_gen_v8_3_6 WARNING: Address 9 is outside range for A Read
blk_mem_gen_v8_3_6 WARNING: Address 9 is outside range for A Read
blk_mem_gen_v8_3_6 WARNING: Address 9 is outside range for A Read
blk_mem_gen_v8_3_6 WARNING: Address 9 is outside range for A Read
blk_mem_gen_v8_3_6 WARNING: Address 9 is outside range for A Read
blk_mem_gen_v8_3_6 WARNING: Address 9 is outside range for A Read
blk_mem_gen_v8_3_6 WARNING: Address 9 is outside range for A Read
blk_mem_gen_v8_3_6 WARNING: Address 9 is outside range for A Read
blk_mem_gen_v8_3_6 WARNING: Address 9 is outside range for A Read
blk_mem_gen_v8_3_6 WARNING: Address 9 is outside range for A Read
blk_mem_gen_v8_3_6 WARNING: Address 9 is outside range for A Read
blk_mem_gen_v8_3_6 WARNING: Address 9 is outside range for A Read
blk_mem_gen_v8_3_6 WARNING: Address 9 is outside range for A Read
blk_mem_gen_v8_3_6 WARNING: Address 9 is outside range for A Read
blk_mem_gen_v8_3_6 WARNING: Address 9 is outside range for A Read
blk_mem_gen_v8_3_6 WARNING: Address 9 is outside range for A Read
blk_mem_gen_v8_3_6 WARNING: Address 9 is outside range for A Read
blk_mem_gen_v8_3_6 WARNING: Address 9 is outside range for A Read
blk_mem_gen_v8_3_6 WARNING: Address 9 is outside range for A Read
blk_mem_gen_v8_3_6 WARNING: Address 9 is outside range for A Read
blk_mem_gen_v8_3_6 WARNING: Address 9 is outside range for A Read
blk_mem_gen_v8_3_6 WARNING: Address 9 is outside range for A Read
blk_mem_gen_v8_3_6 WARNING: Address 9 is outside range for A Read
blk_mem_gen_v8_3_6 WARNING: Address 9 is outside range for A Read
blk_mem_gen_v8_3_6 WARNING: Address 9 is outside range for A Read
blk_mem_gen_v8_3_6 WARNING: Address 9 is outside range for A Read
blk_mem_gen_v8_3_6 WARNING: Address 9 is outside range for A Read
blk_mem_gen_v8_3_6 WARNING: Address 9 is outside range for A Read
blk_mem_gen_v8_3_6 WARNING: Address 9 is outside range for A Read
blk_mem_gen_v8_3_6 WARNING: Address 9 is outside range for A Read
blk_mem_gen_v8_3_6 WARNING: Address 9 is outside range for A Read
blk_mem_gen_v8_3_6 WARNING: Address 9 is outside range for A Read
blk_mem_gen_v8_3_6 WARNING: Address 9 is outside range for A Read
blk_mem_gen_v8_3_6 WARNING: Address 9 is outside range for A Read
blk_mem_gen_v8_3_6 WARNING: Address 9 is outside range for A Read
blk_mem_gen_v8_3_6 WARNING: Address 9 is outside range for A Read
blk_mem_gen_v8_3_6 WARNING: Address 9 is outside range for A Read
blk_mem_gen_v8_3_6 WARNING: Address 9 is outside range for A Read
blk_mem_gen_v8_3_6 WARNING: Address 9 is outside range for A Read
blk_mem_gen_v8_3_6 WARNING: Address 9 is outside range for A Read
blk_mem_gen_v8_3_6 WARNING: Address 9 is outside range for A Read
blk_mem_gen_v8_3_6 WARNING: Address 9 is outside range for A Read
blk